<?xml version="1.0" encoding="UTF-8"?>
<!-- Generated by org.testng.reporters.JUnitReportReporter -->
<testsuite hostname="Aniks-Air.lan" failures="0" tests="4" name="amazontestng.amazontest1" time="107.468" errors="0" timestamp="2023-01-04T22:51:33 EST" skipped="0">
  <testcase classname="amazontestng.amazontest1" name="f" time="26.827"/>
  <system-out/>
  <testcase classname="amazontestng.amazontest1" name="f" time="26.814"/>
  <system-out/>
  <testcase classname="amazontestng.amazontest1" name="f" time="26.909"/>
  <system-out/>
  <testcase classname="amazontestng.amazontest1" name="f" time="26.918"/>
  <system-out/>
</testsuite> <!-- amazontestng.amazontest1 -->
